[16:58:42] [main/INFO] [GradleStart]: Extra: []
[16:58:42] [main/INFO] [GradleStart]: Found and added coremod: me.HHA.shafferhack.mixin.shafferhackMixinLoader
[16:58:42] [main/INFO] [GradleStart]: Running with arguments: [--userProperties, {}, --assetsDir, C:/Users/mjsha/.gradle/caches/minecraft/assets, --assetIndex, 1.12, --accessToken{REDACTED}, --version, 1.12.2, --tweakClass, net.minecraftforge.fml.common.launcher.FMLTweaker, --tweakClass, net.minecraftforge.gradle.tweakers.CoremodTweaker]
[16:58:42] [main/INFO] [LaunchWrapper]: Loading tweak class name net.minecraftforge.fml.common.launcher.FMLTweaker
[16:58:42] [main/INFO] [LaunchWrapper]: Using primary tweak class name net.minecraftforge.fml.common.launcher.FMLTweaker
[16:58:42] [main/INFO] [LaunchWrapper]: Loading tweak class name net.minecraftforge.gradle.tweakers.CoremodTweaker
[16:58:42] [main/INFO] [LaunchWrapper]: Calling tweak class net.minecraftforge.fml.common.launcher.FMLTweaker
[16:58:42] [main/INFO] [FML]: Forge Mod Loader version 14.23.5.2768 for Minecraft 1.12.2 loading
[16:58:42] [main/INFO] [FML]: Java is Java HotSpot(TM) 64-Bit Server VM, version 1.8.0_271, running on Windows 10:amd64:10.0, installed at C:\Program Files\Java\jdk1.8.0_271\jre
[16:58:42] [main/ERROR] [FML]: Apache Maven library folder was not in the format expected. Using default libraries directory.
[16:58:42] [main/ERROR] [FML]: Full: C:\Users\mjsha\.gradle\caches\modules-2\files-2.1\org.apache.maven\maven-artifact\3.5.3\7dc72b6d6d8a6dced3d294ed54c2cc3515ade9f4\maven-artifact-3.5.3.jar
[16:58:42] [main/ERROR] [FML]: Trimmed: c:/users/mjsha/.gradle/caches/modules-2/files-2.1/org.apache.maven/maven-artifact/3.5.3/
[16:58:42] [main/INFO] [FML]: Managed to load a deobfuscated Minecraft name- we are in a deobfuscated environment. Skipping runtime deobfuscation
[16:58:42] [main/INFO] [FML]: Detected deobfuscated environment, loading log configs for colored console logs.
[16:58:43] [main/INFO] [FML]: Ignoring missing certificate for coremod FMLCorePlugin (net.minecraftforge.fml.relauncher.FMLCorePlugin), we are in deobf and it's a forge core plugin
[16:58:43] [main/INFO] [FML]: Ignoring missing certificate for coremod FMLForgePlugin (net.minecraftforge.classloading.FMLForgePlugin), we are in deobf and it's a forge core plugin
[16:58:43] [main/INFO] [FML]: Found a command line coremod : me.HHA.shafferhack.mixin.shafferhackMixinLoader
[16:58:43] [main/ERROR] [FML]: Coremod me.HHA.shafferhack.mixin.shafferhackMixinLoader: Unable to class load the plugin java.lang.ClassNotFoundException: me.HHA.shafferhack.mixin.shafferhackMixinLoader
[16:58:43] [main/INFO] [FML]: Searching M:\ShafferHack\ShafferHackSRC\run\.\mods for mods
[16:58:43] [main/INFO] [LaunchWrapper]: Calling tweak class net.minecraftforge.gradle.tweakers.CoremodTweaker
[16:58:43] [main/INFO] [GradleStart]: Injecting location in coremod net.minecraftforge.fml.relauncher.FMLCorePlugin
[16:58:43] [main/INFO] [GradleStart]: Injecting location in coremod net.minecraftforge.classloading.FMLForgePlugin
[16:58:43] [main/INFO] [LaunchWrapper]: Loading tweak class name net.minecraftforge.fml.common.launcher.FMLInjectionAndSortingTweaker
[16:58:43] [main/INFO] [LaunchWrapper]: Loading tweak class name net.minecraftforge.fml.common.launcher.FMLDeobfTweaker
[16:58:43] [main/INFO] [LaunchWrapper]: Loading tweak class name net.minecraftforge.gradle.tweakers.AccessTransformerTweaker
[16:58:43] [main/INFO] [LaunchWrapper]: Calling tweak class net.minecraftforge.fml.common.launcher.FMLInjectionAndSortingTweaker
[16:58:43] [main/INFO] [LaunchWrapper]: Calling tweak class net.minecraftforge.fml.common.launcher.FMLInjectionAndSortingTweaker
[16:58:43] [main/INFO] [LaunchWrapper]: Calling tweak class net.minecraftforge.fml.relauncher.CoreModManager$FMLPluginWrapper
[16:58:43] [main/ERROR] [FML]: FML appears to be missing any signature data. This is not a good thing
[16:58:43] [main/INFO] [LaunchWrapper]: Calling tweak class net.minecraftforge.fml.relauncher.CoreModManager$FMLPluginWrapper
[16:58:43] [main/INFO] [LaunchWrapper]: Calling tweak class net.minecraftforge.fml.common.launcher.FMLDeobfTweaker
[16:58:43] [main/INFO] [LaunchWrapper]: Calling tweak class net.minecraftforge.gradle.tweakers.AccessTransformerTweaker
[16:58:43] [main/INFO] [GradleStart]: Remapping AccessTransformer rules...
[16:58:43] [main/INFO] [LaunchWrapper]: Loading tweak class name net.minecraftforge.fml.common.launcher.TerminalTweaker
[16:58:43] [main/INFO] [LaunchWrapper]: Calling tweak class net.minecraftforge.fml.common.launcher.TerminalTweaker
[16:58:43] [main/INFO] [LaunchWrapper]: Launching wrapped minecraft {net.minecraft.client.main.Main}
[16:58:43] [main/INFO] [net.minecraft.client.Minecraft]: Setting user: Player573
[16:58:45] [main/WARN] [net.minecraft.client.settings.GameSettings]: Skipping bad option: lastServer:
[16:58:45] [main/INFO] [net.minecraft.client.Minecraft]: LWJGL Version: 2.9.4
[16:58:45] [main/INFO] [FML]: -- System Details --
Details:
	Minecraft Version: 1.12.2
	Operating System: Windows 10 (amd64) version 10.0
	Java Version: 1.8.0_271, Oracle Corporation
	Java VM Version: Java HotSpot(TM) 64-Bit Server VM (mixed mode), Oracle Corporation
	Memory: 667394960 bytes (636 MB) / 762314752 bytes (727 MB) up to 7621050368 bytes (7268 MB)
	JVM Flags: 0 total; 
	IntCache: cache: 0, tcache: 0, allocated: 0, tallocated: 0
	FML: 
	Loaded coremods (and transformers): 
	GL info: ' Vendor: 'NVIDIA Corporation' Version: '4.6.0 NVIDIA 456.71' Renderer: 'GeForce RTX 2080 Ti/PCIe/SSE2'
[16:58:45] [main/INFO] [FML]: MinecraftForge v14.23.5.2768 Initialized
[16:58:45] [main/INFO] [FML]: Starts to replace vanilla recipe ingredients with ore ingredients.
[16:58:46] [main/INFO] [FML]: Replaced 1036 ore ingredients
[16:58:46] [main/INFO] [FML]: Searching M:\ShafferHack\ShafferHackSRC\run\.\mods for mods
